2020-03-07 23:11:03,931 [1] INFO  TN.OrganizeImageFiles.Code - [READ SMS (404) ] :  	 [READ FAIL !]
2020-03-07 23:11:10,945 [1] ERROR TN.OrganizeImageFiles.Code - [SEND SMS (404) ] :  	 [SEND SMS TO +84382824552 FAIL. TRY AGAIN ! ] [ MESSAGE : Camera:30, SuCo: Tai Nạn, ThoiGian: 2/27/2020 3:12:11 PM ]
2020-03-07 23:11:36,294 [1] INFO  TN.OrganizeImageFiles.Code - [READ SMS (404) ] :  	 [READ FAIL !]
2020-03-07 23:11:43,306 [1] ERROR TN.OrganizeImageFiles.Code - [SEND SMS (404) ] :  	 [SEND SMS TO +84382824552 FAIL. TRY AGAIN ! ] [ MESSAGE : Camera:30, SuCo: Tai Nạn, ThoiGian: 2/27/2020 3:12:11 PM ]
2020-03-07 23:11:55,990 [1] INFO  TN.OrganizeImageFiles.Code - [READ SMS (404) ] :  	 [READ FAIL !]
2020-03-07 23:12:03,003 [1] ERROR TN.OrganizeImageFiles.Code - [SEND SMS (404) ] :  	 [SEND SMS TO +84382824552 FAIL. TRY AGAIN ! ] [ MESSAGE : Camera:30, SuCo: Tai Nạn, ThoiGian: 2/27/2020 3:12:11 PM ]
2020-03-07 23:12:20,825 [1] INFO  TN.OrganizeImageFiles.Code - [READ SMS (404) ] :  	 [READ FAIL !]
2020-03-07 23:12:27,838 [1] ERROR TN.OrganizeImageFiles.Code - [SEND SMS (404) ] :  	 [SEND SMS TO +84382824552 FAIL. TRY AGAIN ! ] [ MESSAGE : Camera:30, SuCo: Tai Nạn, ThoiGian: 2/27/2020 3:12:11 PM ]
2020-03-07 23:12:44,220 [1] INFO  TN.OrganizeImageFiles.Code - [READ SMS (404) ] :  	 [READ FAIL !]
2020-03-07 23:12:51,233 [1] ERROR TN.OrganizeImageFiles.Code - [SEND SMS (404) ] :  	 [SEND SMS TO +84382824552 FAIL. TRY AGAIN ! ] [ MESSAGE : Camera:30, SuCo: Tai Nạn, ThoiGian: 2/27/2020 3:12:11 PM ]
2020-03-07 23:13:15,920 [1] INFO  TN.OrganizeImageFiles.Code - [READ SMS (404) ] :  	 [READ FAIL !]
2020-03-07 23:13:22,933 [1] ERROR TN.OrganizeImageFiles.Code - [SEND SMS (404) ] :  	 [SEND SMS TO +84382824552 FAIL. TRY AGAIN ! ] [ MESSAGE : TESSTTTTTT ]
2020-03-07 23:27:27,745 [1] INFO  TN.OrganizeImageFiles.Code - [READ SMS (404) ] :  	 [READ FAIL !]
2020-03-07 23:27:34,758 [1] ERROR TN.OrganizeImageFiles.Code - [SEND SMS (404) ] :  	 [SEND SMS TO +84382824552 FAIL. TRY AGAIN ! ] [ MESSAGE : Camera:30, SuCo: Tai Nạn, ThoiGian: 2/27/2020 3:12:11 PM ]
2020-03-07 23:27:41,762 [1] ERROR TN.OrganizeImageFiles.Code - [SEND SMS (404) ] :  	 [SEND SMS TO +84975891464 FAIL. TRY AGAIN ! ] [ MESSAGE : Camera:30, SuCo: Tai Nạn, ThoiGian: 2/27/2020 3:12:11 PM ]
2020-03-07 23:29:34,523 [1] INFO  TN.OrganizeImageFiles.Code - [READ SMS (404) ] :  	 [READ FAIL !]
2020-03-07 23:29:41,536 [1] ERROR TN.OrganizeImageFiles.Code - [SEND SMS (404) ] :  	 [SEND SMS TO +84382824552 FAIL. TRY AGAIN ! ] [ MESSAGE : Camera:30, SuCo: Tai Nạn, ThoiGian: 2/27/2020 3:12:11 PM ]
2020-03-07 23:30:19,110 [1] INFO  TN.OrganizeImageFiles.Code - [READ SMS (404) ] :  	 [READ FAIL !]
2020-03-07 23:30:23,124 [1] ERROR TN.OrganizeImageFiles.Code - [SEND SMS (404) ] :  	 [SEND SMS TO +84382824552 FAIL. TRY AGAIN ! ] [ MESSAGE : Camera:30, SuCo: Tai Nạn, ThoiGian: 2/27/2020 3:12:11 PM ]
2020-03-07 23:30:27,129 [1] ERROR TN.OrganizeImageFiles.Code - [SEND SMS (404) ] :  	 [SEND SMS TO +84975891464 FAIL. TRY AGAIN ! ] [ MESSAGE : Camera:30, SuCo: Tai Nạn, ThoiGian: 2/27/2020 3:12:11 PM ]
2020-03-07 23:31:33,198 [1] INFO  TN.OrganizeImageFiles.Code - [READ SMS (404) ] :  	 [READ FAIL !]
2020-03-07 23:31:37,211 [1] ERROR TN.OrganizeImageFiles.Code - [SEND SMS (404) ] :  	 [SEND SMS TO +84382824552 FAIL. TRY AGAIN ! ] [ MESSAGE : Camera:30, SuCo: Tai Nạn, ThoiGian: 2/27/2020 3:12:11 PM ]
2020-03-07 23:32:32,511 [1] INFO  TN.OrganizeImageFiles.Code - [READ SMS (404) ] :  	 [READ FAIL !]
2020-03-07 23:32:36,527 [1] ERROR TN.OrganizeImageFiles.Code - [SEND SMS (404) ] :  	 [SEND SMS TO +84382824552 FAIL. TRY AGAIN ! ] [ MESSAGE : Camera:30, SuCo: Tai Nạn, ThoiGian: 2/27/2020 3:12:11 PM ]
2020-03-07 23:48:27,429 [1] DEBUG TN.OrganizeImageFiles.Code - Start 	 App Started!
2020-03-07 23:48:40,181 [DefaultQuartzScheduler_Worker-1] DEBUG TN.OrganizeImageFiles.Code - CONNECTION TO SQL SERVER :  	 Connection successful !
2020-03-07 23:48:40,235 [DefaultQuartzScheduler_Worker-1] DEBUG TN.OrganizeImageFiles.Code - CONNECTION TO SQL SERVER :  	 Connection successful !
